Pig Stack Trace
---------------
ERROR 2998: Unhandled internal error. org/apache/commons/configuration/Configuration

java.lang.NoClassDefFoundError: org/apache/commons/configuration/Configuration
	at org.apache.hadoop.metrics2.lib.DefaultMetricsSystem.<init>(DefaultMetricsSystem.java:37)
	at org.apache.hadoop.metrics2.lib.DefaultMetricsSystem.<clinit>(DefaultMetricsSystem.java:34)
	at org.apache.hadoop.mapred.JobTrackerInstrumentation.create(JobTrackerInstrumentation.java:180)
	at org.apache.hadoop.mapred.LocalJobRunner.<init>(LocalJobRunner.java:420)
	at org.apache.hadoop.mapred.JobClient.init(JobClient.java:488)
	at org.apache.hadoop.mapred.JobClient.<init>(JobClient.java:473)
	at org.apache.pig.backend.hadoop.executionengine.mapReduceLayer.MapReduceLauncher.launchPig(MapReduceLauncher.java:156)
	at org.apache.pig.PigServer.launchPlan(PigServer.java:1270)
	at org.apache.pig.PigServer.executeCompiledLogicalPlan(PigServer.java:1255)
	at org.apache.pig.PigServer.storeEx(PigServer.java:952)
	at org.apache.pig.PigServer.store(PigServer.java:919)
	at org.apache.pig.PigServer.openIterator(PigServer.java:832)
	at org.apache.pig.tools.grunt.GruntParser.processDump(GruntParser.java:682)
	at org.apache.pig.tools.pigscript.parser.PigScriptParser.parse(PigScriptParser.java:303)
	at org.apache.pig.tools.grunt.GruntParser.parseStopOnError(GruntParser.java:189)
	at org.apache.pig.tools.grunt.GruntParser.parseStopOnError(GruntParser.java:165)
	at org.apache.pig.tools.grunt.Grunt.exec(Grunt.java:84)
	at org.apache.pig.Main.run(Main.java:430)
	at org.apache.pig.Main.main(Main.java:111)
Caused by: java.lang.ClassNotFoundException: org.apache.commons.configuration.Configuration
	at java.net.URLClassLoader$1.run(Unknown Source)
	at java.net.URLClassLoader$1.run(Unknown Source)
	at java.security.AccessController.doPrivileged(Native Method)
	at java.net.URLClassLoader.findClass(Unknown Source)
	at java.lang.ClassLoader.loadClass(Unknown Source)
	at sun.misc.Launcher$AppClassLoader.loadClass(Unknown Source)
	at java.lang.ClassLoader.loadClass(Unknown Source)
	... 19 more
================================================================================
